<?xml version='1.0' encoding='UTF-8'?>
<testsuite hostname="YueChen-PC" name="gcd.GCDSpec" tests="1" errors="0" failures="0" skipped="0" time="8.423" timestamp="2021-01-02T19:02:47">
                     <properties>
      <property name="awt.toolkit" value="sun.awt.windows.WToolkit"/><property name="java.specification.version" value="12"/><property name="sun.cpu.isalist" value="amd64"/><property name="sun.jnu.encoding" value="GBK"/><property name="sun.arch.data.model" value="64"/><property name="sbt.supershell" value="false"/><property name="java.vendor.url" value="https://java.oracle.com/"/><property name="sun.boot.library.path" value="C:\Program Files\Java\jdk-12.0.2\bin"/><property name="sun.java.command" value="C:\Users\YueChen\AppData\Roaming\JetBrains\IntelliJIdea2020.2\plugins\Scala\launcher\sbt-launch.jar early(addPluginSbtFile=&quot;&quot;&quot;C:\Users\YueChen\AppData\Local\Temp\idea3.sbt&quot;&quot;&quot;) ; set ideaPort in Global := 7782 ; idea-shell"/><property name="jdk.debug" value="release"/><property name="sun.stderr.encoding" value="ms936"/><property name="java.specification.vendor" value="Oracle Corporation"/><property name="java.version.date" value="2019-07-16"/><property name="java.home" value="C:\Program Files\Java\jdk-12.0.2"/><property name="file.separator" value="\"/><property name="java.vm.compressedOopsMode" value="32-bit"/><property name="line.separator" value="
"/><property name="sun.stdout.encoding" value="ms936"/><property name="java.vm.specification.vendor" value="Oracle Corporation"/><property name="java.specification.name" value="Java Platform API Specification"/><property name="user.script" value=""/><property name="sun.management.compiler" value="HotSpot 64-Bit Tiered Compilers"/><property name="java.runtime.version" value="12.0.2+10"/><property name="user.name" value="玥辰"/><property name="log4j.ignoreTCL" value="true"/><property name="file.encoding" value="UTF-8"/><property name="jnidispatch.path" value="C:\Users\YueChen\AppData\Local\Temp\jna-954539\jna5286654071346987557.dll"/><property name="jna.loaded" value="true"/><property name="java.io.tmpdir" value="C:\Users\YueChen\AppData\Local\Temp\"/><property name="java.version" value="12.0.2"/><property name="java.vm.specification.name" value="Java Virtual Machine Specification"/><property name="sun.os.patch.level" value=""/><property name="java.library.path" value="C:\Program Files\Java\jdk-12.0.2\bin;C:\Windows\Sun\Java\bin;C:\Windows\system32;C:\Windows;C:\Program Files\Common Files\Oracle\Java\javapath;C:\Program Files (x86)\NetSarang\Xftp 6\;C:\Windows\system32;C:\Windows;C:\Windows\System32\Wbem;C:\Windows\System32\WindowsPowerShell\v1.0\;C:\Windows\System32\OpenSSH\;C:\Program Files\Java\jdk-12.0.2\bin;C:\Program Files\mingw64\bin;C:\Program Files\nodejs\;C:\Program Files\nodejs\node_global;C:\Program Files\MySQL\MySQL Server 8.0\bin;C:\Program Files\Redis\;C:\Program Files (x86)\sbt\bin;C:\Program Files\dotnet\;C:\Program Files\TortoiseSVN\bin;C:\ProgramData\chocolatey\bin;C:\SysGCC\risc-v\bin;C:\GreenApps\verific_evaluation\verific_bin_eval\bin;C:\GreenApps\yosys-win32-mxebin-0.9\yosys-win32-mxebin-0.9;C:\GreenApps\z3-4.3.2-x64-win\bin;C:\Program Files\Microsoft VS Code\bin;C:\Program Files\Go\bin;C:\Users\YueChen\AppData\Roaming\local\bin;C:\Users\YueChen\AppData\Local\Programs\Python\Python38\Scripts\;C:\Users\YueChen\AppData\Local\Programs\Python\Python38\;C:\Program Files\MySQL\MySQL Shell 8.0\bin\;C:\Users\YueChen\AppData\Local\Microsoft\WindowsApps;C:\Program Files\Bandizip\;C:\Program Files\JetBrains\IntelliJ IDEA 2019.2.3\bin;C:\Users\YueChen\AppData\Local\GitHubDesktop\bin;C:\Users\YueChen\AppData\Roaming\npm;C:\Program Files\JetBrains\PyCharm 2019.3.1\bin;;C:\Users\YueChen\.dotnet\tools;c:\documents\programfiles\modelsim\win32pe_edu;c:\documents\programfiles\Modeltech_pe_edu_10.4a\win32pe_edu;C:\Users\YueChen\go\bin;."/><property name="java.vendor" value="Oracle Corporation"/><property name="sun.io.unicode.encoding" value="UnicodeLittle"/><property name="sun.desktop" value="windows"/><property name="http.proxyHost" value="127.0.0.1"/><property name="java.class.path" value="C:\Users\YueChen\AppData\Roaming\JetBrains\IntelliJIdea2020.2\plugins\Scala\launcher\sbt-launch.jar"/><property name="https.proxyPort" value="10809"/><property name="java.vm.vendor" value="Oracle Corporation"/><property name="user.variant" value=""/><property name="jline.shutdownhook" value="false"/><property name="user.timezone" value="Asia/Shanghai"/><property name="java.vm.specification.version" value="12"/><property name="os.name" value="Windows 10"/><property name="sun.java.launcher" value="SUN_STANDARD"/><property name="user.country" value="CN"/><property name="sun.cpu.endian" value="little"/><property name="user.home" value="C:\Users\YueChen"/><property name="user.language" value="zh"/><property name="swoval.tmpdir" value="C:\Users\YueChen\.sbt\1.0"/><property name="https.proxyHost" value="127.0.0.1"/><property name="java.awt.graphicsenv" value="sun.awt.Win32GraphicsEnvironment"/><property name="jline.esc.timeout" value="0"/><property name="path.separator" value=";"/><property name="os.version" value="10.0"/><property name="jna.nosys" value="true"/><property name="java.runtime.name" value="Java(TM) SE Runtime Environment"/><property name="sbt.log.noformat" value="true"/><property name="java.vm.name" value="Java HotSpot(TM) 64-Bit Server VM"/><property name="java.vendor.url.bug" value="https://bugreport.java.com/bugreport/"/><property name="user.dir" value="C:\Documents\study\chisel-riscv\chisel-project\riscv-chip"/><property name="os.arch" value="amd64"/><property name="idea.managed" value="true"/><property name="java.vm.info" value="mixed mode, sharing"/><property name="java.vm.version" value="12.0.2+10"/><property name="java.class.version" value="56.0"/><property name="http.proxyPort" value="10809"/>
    </properties>
                     <testcase classname="gcd.GCDSpec" name="Gcd should calculate proper greatest common denominator" time="8.423">
                                                 
                                               </testcase>
                     <system-out><![CDATA[]]></system-out>
                     <system-err><![CDATA[]]></system-err>
                   </testsuite>